[0m14:23:48.972749 [debug] [MainThread]: Sending event: {'category': 'dbt', 'action': 'invocation', 'label': 'start', 'context': [<snowplow_tracker.self_describing_json.SelfDescribingJson object at 0x77b309a46930>, <snowplow_tracker.self_describing_json.SelfDescribingJson object at 0x77b309daa9f0>, <snowplow_tracker.self_describing_json.SelfDescribingJson object at 0x77b3099d0440>]}


============================== 14:23:48.985423 | e567bb65-cbb8-4e6a-996a-a5ed5239952b ==============================
[0m14:23:48.985423 [info ] [MainThread]: Running with dbt=1.11.6
[0m14:23:48.986634 [debug] [MainThread]: running dbt with arguments {'profiles_dir': '/home/ni3ma/.dbt', 'quiet': 'False', 'target_path': 'None', 'indirect_selection': 'eager', 'log_path': 'logs', 'warn_error_options': 'WarnErrorOptionsV2(error=[], warn=[], silence=[])', 'send_anonymous_usage_stats': 'True', 'write_json': 'True', 'printer_width': '80', 'introspect': 'True', 'use_experimental_parser': 'False', 'no_print': 'None', 'cache_selected_only': 'False', 'debug': 'False', 'static_parser': 'True', 'fail_fast': 'False', 'log_format': 'default', 'use_colors': 'True', 'log_cache_events': 'False', 'invocation_command': 'dbt debug', 'partial_parse': 'True', 'empty': 'None', 'warn_error': 'None', 'version_check': 'True'}
[0m14:23:49.233084 [info ] [MainThread]: dbt version: 1.11.6
[0m14:23:49.234208 [info ] [MainThread]: python version: 3.12.3
[0m14:23:49.235168 [info ] [MainThread]: python path: /mnt/d/Projet bloc 1/kivendtout-data-platform/.venv/bin/python3.12
[0m14:23:49.236068 [info ] [MainThread]: os info: Linux-6.6.87.2-microsoft-standard-WSL2-x86_64-with-glibc2.39
[0m14:23:55.182943 [debug] [MainThread]: Spark adapter: Setting pyhive.hive logging to ERROR
[0m14:23:55.184312 [debug] [MainThread]: Spark adapter: Setting thrift.transport logging to ERROR
[0m14:23:55.185420 [debug] [MainThread]: Spark adapter: Setting thrift.protocol logging to ERROR
[0m14:24:02.074961 [info ] [MainThread]: Using profiles dir at /home/ni3ma/.dbt
[0m14:24:02.076712 [info ] [MainThread]: Using profiles.yml file at /home/ni3ma/.dbt/profiles.yml
[0m14:24:02.077979 [info ] [MainThread]: Using dbt_project.yml file at /mnt/d/Projet bloc 1/kivendtout-data-platform/dbt_project.yml
[0m14:24:02.078776 [info ] [MainThread]: adapter type: databricks
[0m14:24:02.079893 [info ] [MainThread]: adapter version: 1.11.6
[0m14:24:02.081265 [info ] [MainThread]: Configuration:
[0m14:24:02.082371 [info ] [MainThread]:   profiles.yml file [[32mOK found and valid[0m]
[0m14:24:02.083748 [info ] [MainThread]:   dbt_project.yml file [[31mERROR not found[0m]
[0m14:24:02.085144 [info ] [MainThread]: Required dependencies:
[0m14:24:02.086502 [debug] [MainThread]: Executing "git --help"
[0m14:24:02.091749 [debug] [MainThread]: STDOUT: "b"usage: git [-v | --version] [-h | --help] [-C <path>] [-c <name>=<value>]\n           [--exec-path[=<path>]] [--html-path] [--man-path] [--info-path]\n           [-p | --paginate | -P | --no-pager] [--no-replace-objects] [--bare]\n           [--git-dir=<path>] [--work-tree=<path>] [--namespace=<name>]\n           [--config-env=<name>=<envvar>] <command> [<args>]\n\nThese are common Git commands used in various situations:\n\nstart a working area (see also: git help tutorial)\n   clone     Clone a repository into a new directory\n   init      Create an empty Git repository or reinitialize an existing one\n\nwork on the current change (see also: git help everyday)\n   add       Add file contents to the index\n   mv        Move or rename a file, a directory, or a symlink\n   restore   Restore working tree files\n   rm        Remove files from the working tree and from the index\n\nexamine the history and state (see also: git help revisions)\n   bisect    Use binary search to find the commit that introduced a bug\n   diff      Show changes between commits, commit and working tree, etc\n   grep      Print lines matching a pattern\n   log       Show commit logs\n   show      Show various types of objects\n   status    Show the working tree status\n\ngrow, mark and tweak your common history\n   branch    List, create, or delete branches\n   commit    Record changes to the repository\n   merge     Join two or more development histories together\n   rebase    Reapply commits on top of another base tip\n   reset     Reset current HEAD to the specified state\n   switch    Switch branches\n   tag       Create, list, delete or verify a tag object signed with GPG\n\ncollaborate (see also: git help workflows)\n   fetch     Download objects and refs from another repository\n   pull      Fetch from and integrate with another repository or a local branch\n   push      Update remote refs along with associated objects\n\n'git help -a' and 'git help -g' list available subcommands and some\nconcept guides. See 'git help <command>' or 'git help <concept>'\nto read about a specific subcommand or concept.\nSee 'git help git' for an overview of the system.\n""
[0m14:24:02.093743 [debug] [MainThread]: STDERR: "b''"
[0m14:24:02.095332 [info ] [MainThread]:  - git [[32mOK found[0m]

[0m14:24:02.096453 [info ] [MainThread]: Connection:
[0m14:24:02.097371 [info ] [MainThread]:   host: adb-7405604448282017.17.azuredatabricks.net
[0m14:24:02.098344 [info ] [MainThread]:   http_path: sql/protocolv1/o/7405604448282017/0316-122018-g403hrj7
[0m14:24:02.099242 [info ] [MainThread]:   catalog: hive_metastore
[0m14:24:02.100287 [info ] [MainThread]:   schema: dev_kivendtout
[0m14:24:02.103568 [info ] [MainThread]: Registered adapter: databricks=1.11.6
[0m14:24:14.469033 [warn ] [MainThread]: [[33mWARNING[0m]: Use managed Iceberg tables when table_format is iceberg. When this flag is disabled, UniForm is used instead.
You may opt into the new behavior sooner by setting `flags.use_managed_iceberg` to `True` in `dbt_project.yml`.
Visit https://docs.getdbt.com/reference/global-configs/behavior-changes for more information.
[0m14:24:14.470476 [debug] [MainThread]: Sending event: {'category': 'dbt', 'action': 'BehaviorChangeEvent', 'label': 'e567bb65-cbb8-4e6a-996a-a5ed5239952b', 'context': [<snowplow_tracker.self_describing_json.SelfDescribingJson object at 0x77b2cde9c290>]}
[0m14:24:14.471764 [debug] [MainThread]: Databricks adapter: DatabricksDBTConnection(session-id=None, name=debug) - Creating connection
[0m14:24:14.472635 [debug] [MainThread]: Acquiring new databricks connection 'debug'
[0m14:24:14.473834 [debug] [MainThread]: Using databricks connection "debug"
[0m14:24:14.474859 [debug] [MainThread]: On debug: select 1 as id
[0m14:24:14.475520 [debug] [MainThread]: Opening a new connection, currently in state init
[0m14:24:15.651477 [debug] [MainThread]: Databricks adapter: Connection(session-id=8c89bf9d-3673-4556-b67e-6465568bf8ab) - Created
[0m14:24:26.012440 [debug] [MainThread]: SQL status: OK in 11.540 seconds
[0m14:24:26.015398 [debug] [MainThread]: Databricks adapter: Cursor(session-id=8c89bf9d-3673-4556-b67e-6465568bf8ab, command-id=ec44ec2c-6b33-427e-81d7-26f8e8a2acc7) - Closing
[0m14:24:26.016564 [debug] [MainThread]: On debug: Close
[0m14:24:26.017750 [debug] [MainThread]: Databricks adapter: Connection(session-id=8c89bf9d-3673-4556-b67e-6465568bf8ab) - Closing
[0m14:24:26.113126 [info ] [MainThread]:   Connection test: [[32mOK connection ok[0m]

[0m14:24:26.115055 [info ] [MainThread]: [31m1 check failed:[0m
[0m14:24:26.116201 [info ] [MainThread]: Project loading failed for the following reason:
 project path </mnt/d/Projet bloc 1/kivendtout-data-platform/dbt_project.yml> not found

[0m14:24:26.119947 [debug] [MainThread]: Resource report: {"command_name": "debug", "command_success": false, "command_wall_clock_time": 39.509346, "process_in_blocks": "124160", "process_kernel_time": 2.986208, "process_mem_max_rss": "230284", "process_out_blocks": "8", "process_user_time": 5.009727}
[0m14:24:26.121378 [debug] [MainThread]: Command `dbt debug` failed at 14:24:26.121173 after 39.51 seconds
[0m14:24:26.123260 [debug] [MainThread]: Sending event: {'category': 'dbt', 'action': 'invocation', 'label': 'end', 'context': [<snowplow_tracker.self_describing_json.SelfDescribingJson object at 0x77b309daa9f0>, <snowplow_tracker.self_describing_json.SelfDescribingJson object at 0x77b306e2bb00>, <snowplow_tracker.self_describing_json.SelfDescribingJson object at 0x77b2ce0a6060>]}
[0m14:24:26.124708 [debug] [MainThread]: Flushing usage events
[0m14:24:26.655225 [debug] [MainThread]: An error was encountered while trying to flush usage events
